Date: 23/10/2021 23:47:52
===============
Quantum Package
===============

Git Commit: handle cases where 3idx ao ints are split into multiple parts
Git Date  : Thu Dec 17 15:01:40 2020 -0600
Git SHA1  : afe9fb1ad9a9580057f82b59d99c91790b57815a
EZFIO Dir : Be2.ezfio


Task server running : tcp://192.168.1.22:41279
.. >>>>> [ IO READ: is_complex ] <<<<< ..
 
.. >>>>> [ RES  MEM :       0.061676 GB ] [ VIRT MEM :       0.317581 GB ] <<<<< ..
.. >>>>> [ WALL TIME:       0.000779  s ] [ CPU  TIME:       0.236314  s ] <<<<< ..
 
.. >>>>> [ IO READ: mo_guess_type ] <<<<< ..
 
.. >>>>> [ RES  MEM :       0.061676 GB ] [ VIRT MEM :       0.317581 GB ] <<<<< ..
.. >>>>> [ WALL TIME:       0.002073  s ] [ CPU  TIME:       0.236771  s ] <<<<< ..
 
.. >>>>> [ IO READ: ao_num ] <<<<< ..
 
.. >>>>> [ RES  MEM :       0.061676 GB ] [ VIRT MEM :       0.317581 GB ] <<<<< ..
.. >>>>> [ WALL TIME:       0.002447  s ] [ CPU  TIME:       0.237013  s ] <<<<< ..
 
.. >>>>> [ IO READ: ao_cartesian ] <<<<< ..
 
.. >>>>> [ RES  MEM :       0.061676 GB ] [ VIRT MEM :       0.317581 GB ] <<<<< ..
.. >>>>> [ WALL TIME:       0.002884  s ] [ CPU  TIME:       0.237222  s ] <<<<< ..
 
.. >>>>> [ IO READ: lin_dep_cutoff ] <<<<< ..
 
.. >>>>> [ RES  MEM :       0.061676 GB ] [ VIRT MEM :       0.317581 GB ] <<<<< ..
.. >>>>> [ WALL TIME:       0.003473  s ] [ CPU  TIME:       0.237462  s ] <<<<< ..
 
* Linear dependencies cut-off                       0.1000000000000000E-05
.. >>>>> [ IO READ: ao_power ] <<<<< ..
 
.. >>>>> [ RES  MEM :       0.063385 GB ] [ VIRT MEM :       1.372383 GB ] <<<<< ..
.. >>>>> [ WALL TIME:       0.058357  s ] [ CPU  TIME:       0.468815  s ] <<<<< ..
 
.. >>>>> [ IO READ: io_ao_integrals_overlap ] <<<<< ..
 
.. >>>>> [ RES  MEM :       0.063385 GB ] [ VIRT MEM :       1.372383 GB ] <<<<< ..
.. >>>>> [ WALL TIME:       0.058799  s ] [ CPU  TIME:       0.472775  s ] <<<<< ..
 
.. >>>>> [ IO READ: ao_prim_num ] <<<<< ..
 
.. >>>>> [ RES  MEM :       0.063744 GB ] [ VIRT MEM :       1.372383 GB ] <<<<< ..
.. >>>>> [ WALL TIME:       0.068260  s ] [ CPU  TIME:       0.543388  s ] <<<<< ..
 
.. >>>>> [ IO READ: ao_normalized ] <<<<< ..
 
.. >>>>> [ RES  MEM :       0.063744 GB ] [ VIRT MEM :       1.372383 GB ] <<<<< ..
.. >>>>> [ WALL TIME:       0.068477  s ] [ CPU  TIME:       0.545962  s ] <<<<< ..
 
.. >>>>> [ IO READ: primitives_normalized ] <<<<< ..
 
.. >>>>> [ RES  MEM :       0.063744 GB ] [ VIRT MEM :       1.372383 GB ] <<<<< ..
.. >>>>> [ WALL TIME:       0.068657  s ] [ CPU  TIME:       0.548120  s ] <<<<< ..
 
.. >>>>> [ IO READ: ao_coef ] <<<<< ..
 
.. >>>>> [ RES  MEM :       0.063744 GB ] [ VIRT MEM :       1.372383 GB ] <<<<< ..
.. >>>>> [ WALL TIME:       0.076306  s ] [ CPU  TIME:       0.567332  s ] <<<<< ..
 
.. >>>>> [ IO READ: ao_expo ] <<<<< ..
 
.. >>>>> [ RES  MEM :       0.063744 GB ] [ VIRT MEM :       1.372383 GB ] <<<<< ..
.. >>>>> [ WALL TIME:       0.088299  s ] [ CPU  TIME:       0.620988  s ] <<<<< ..
 
.. >>>>> [ IO READ: ao_nucl ] <<<<< ..
 
.. >>>>> [ RES  MEM :       0.064087 GB ] [ VIRT MEM :       1.372383 GB ] <<<<< ..
.. >>>>> [ WALL TIME:       0.092376  s ] [ CPU  TIME:       0.634107  s ] <<<<< ..
 
.. >>>>> [ IO READ: nucl_num ] <<<<< ..
 
.. >>>>> [ RES  MEM :       0.064087 GB ] [ VIRT MEM :       1.372383 GB ] <<<<< ..
.. >>>>> [ WALL TIME:       0.092645  s ] [ CPU  TIME:       0.637540  s ] <<<<< ..
 
.. >>>>> [ IO READ: nucl_label ] <<<<< ..
 
.. >>>>> [ RES  MEM :       0.064087 GB ] [ VIRT MEM :       1.372383 GB ] <<<<< ..
.. >>>>> [ WALL TIME:       0.093200  s ] [ CPU  TIME:       0.644655  s ] <<<<< ..
 
.. >>>>> [ IO READ: nucl_charge ] <<<<< ..
 
.. >>>>> [ RES  MEM :       0.064087 GB ] [ VIRT MEM :       1.372383 GB ] <<<<< ..
.. >>>>> [ WALL TIME:       0.093621  s ] [ CPU  TIME:       0.650134  s ] <<<<< ..
 
 
.. >>>>> [ RES  MEM :       0.064087 GB ] [ VIRT MEM :       1.372383 GB ] <<<<< ..
.. >>>>> [ WALL TIME:       0.094025  s ] [ CPU  TIME:       0.655303  s ] <<<<< ..
 

Nuclear Coordinates (Angstroms)
===============================

================ ============ ============ ============ ============
      Atom          Charge          X            Y            Z 
================ ============ ============ ============ ============
Be                   4.000000     0.000000     0.000000     0.000000
Be                   4.000000     2.453603     0.000000     0.000000
================ ============ ============ ============ ============

Minimal interatomic distance found:       2.4536 Angstrom
* mo_num                                                        60
.. >>>>> [ IO READ: level_shift ] <<<<< ..
 
.. >>>>> [ RES  MEM :       0.070107 GB ] [ VIRT MEM :       1.435658 GB ] <<<<< ..
.. >>>>> [ WALL TIME:       0.171564  s ] [ CPU  TIME:       1.107176  s ] <<<<< ..
 
.. >>>>> [ IO READ: elec_alpha_num ] <<<<< ..
 
.. >>>>> [ RES  MEM :       0.070107 GB ] [ VIRT MEM :       1.435658 GB ] <<<<< ..
.. >>>>> [ WALL TIME:       0.171796  s ] [ CPU  TIME:       1.108535  s ] <<<<< ..
 
.. >>>>> [ IO READ: elec_beta_num ] <<<<< ..
 
.. >>>>> [ RES  MEM :       0.070107 GB ] [ VIRT MEM :       1.435658 GB ] <<<<< ..
.. >>>>> [ WALL TIME:       0.171984  s ] [ CPU  TIME:       1.109482  s ] <<<<< ..
 
.. >>>>> [ IO READ: frozen_orb_scf ] <<<<< ..
 
.. >>>>> [ RES  MEM :       0.070107 GB ] [ VIRT MEM :       1.435658 GB ] <<<<< ..
.. >>>>> [ WALL TIME:       0.172147  s ] [ CPU  TIME:       1.110702  s ] <<<<< ..
 
.. >>>>> [ IO READ: io_ao_one_e_integrals ] <<<<< ..
 
.. >>>>> [ RES  MEM :       0.070107 GB ] [ VIRT MEM :       1.435658 GB ] <<<<< ..
.. >>>>> [ WALL TIME:       0.172348  s ] [ CPU  TIME:       1.112693  s ] <<<<< ..
 
.. >>>>> [ IO READ: io_ao_integrals_kinetic ] <<<<< ..
 
.. >>>>> [ RES  MEM :       0.070107 GB ] [ VIRT MEM :       1.435658 GB ] <<<<< ..
.. >>>>> [ WALL TIME:       0.172543  s ] [ CPU  TIME:       1.114532  s ] <<<<< ..
 
.. >>>>> [ IO READ: io_ao_integrals_n_e ] <<<<< ..
 
.. >>>>> [ RES  MEM :       0.070107 GB ] [ VIRT MEM :       1.435658 GB ] <<<<< ..
.. >>>>> [ WALL TIME:       0.188317  s ] [ CPU  TIME:       1.227974  s ] <<<<< ..
 
.. >>>>> [ IO READ: do_pseudo ] <<<<< ..
 
.. >>>>> [ RES  MEM :       0.070107 GB ] [ VIRT MEM :       1.435658 GB ] <<<<< ..
.. >>>>> [ WALL TIME:       0.188565  s ] [ CPU  TIME:       1.230166  s ] <<<<< ..
 
.. >>>>> [ IO READ: do_direct_integrals ] <<<<< ..
 
.. >>>>> [ RES  MEM :       0.070107 GB ] [ VIRT MEM :       1.435658 GB ] <<<<< ..
.. >>>>> [ WALL TIME:       0.208616  s ] [ CPU  TIME:       1.353732  s ] <<<<< ..
 
 AO map initialized :                3088855
.. >>>>> [ IO READ: io_ao_two_e_integrals ] <<<<< ..
 
.. >>>>> [ RES  MEM :       0.070641 GB ] [ VIRT MEM :       1.435658 GB ] <<<<< ..
.. >>>>> [ WALL TIME:       0.232728  s ] [ CPU  TIME:       1.510513  s ] <<<<< ..
 
 Providing the AO integrals
.. >>>>> [ IO READ: ao_integrals_threshold ] <<<<< ..
 
.. >>>>> [ RES  MEM :       0.070641 GB ] [ VIRT MEM :       1.435680 GB ] <<<<< ..
.. >>>>> [ WALL TIME:       0.240166  s ] [ CPU  TIME:       1.555332  s ] <<<<< ..
 
 Sorting the map
 AO integrals provided:
  Size of AO map :            9.24815750122070      MB
  Number of AO integrals :                757487
  cpu  time :   31.1692250000000      s
  wall time :   23.3883059024811      s  ( x    1.33268416831736       )
 
.. >>>>> [ RES  MEM :       0.089420 GB ] [ VIRT MEM :       1.659580 GB ] <<<<< ..
.. >>>>> [ WALL TIME:      23.680194  s ] [ CPU  TIME:      33.021257  s ] <<<<< ..
 
 Read mo_occ
.. >>>>> [ IO READ: ao_md5 ] <<<<< ..
 
.. >>>>> [ RES  MEM :       0.089420 GB ] [ VIRT MEM :       1.659580 GB ] <<<<< ..
.. >>>>> [ WALL TIME:      23.684139  s ] [ CPU  TIME:      33.044964  s ] <<<<< ..
 
 * mo_label          no_label
.. >>>>> [ IO READ: io_nuclear_repulsion ] <<<<< ..
 
.. >>>>> [ RES  MEM :       0.089661 GB ] [ VIRT MEM :       1.659580 GB ] <<<<< ..
.. >>>>> [ WALL TIME:      23.820162  s ] [ CPU  TIME:      33.786237  s ] <<<<< ..
 
 
.. >>>>> [ RES  MEM :       0.089661 GB ] [ VIRT MEM :       1.659580 GB ] <<<<< ..
.. >>>>> [ WALL TIME:      23.820370  s ] [ CPU  TIME:      33.787607  s ] <<<<< ..
 
* Nuclear repulsion energy                           3.450776419298476    
.. >>>>> [ IO READ: n_it_scf_max ] <<<<< ..
 
.. >>>>> [ RES  MEM :       0.089661 GB ] [ VIRT MEM :       1.659580 GB ] <<<<< ..
.. >>>>> [ WALL TIME:      23.856198  s ] [ CPU  TIME:      33.985700  s ] <<<<< ..
 
.. >>>>> [ IO READ: scf_algorithm ] <<<<< ..
 
.. >>>>> [ RES  MEM :       0.089661 GB ] [ VIRT MEM :       1.659580 GB ] <<<<< ..
.. >>>>> [ WALL TIME:      23.860148  s ] [ CPU  TIME:      33.997969  s ] <<<<< ..
 
.. >>>>> [ IO READ: max_dim_diis ] <<<<< ..
 
.. >>>>> [ RES  MEM :       0.089661 GB ] [ VIRT MEM :       1.659580 GB ] <<<<< ..
.. >>>>> [ WALL TIME:      23.864135  s ] [ CPU  TIME:      34.026110  s ] <<<<< ..
 
.. >>>>> [ IO READ: threshold_diis ] <<<<< ..
 
.. >>>>> [ RES  MEM :       0.089661 GB ] [ VIRT MEM :       1.659580 GB ] <<<<< ..
.. >>>>> [ WALL TIME:      23.868175  s ] [ CPU  TIME:      34.046814  s ] <<<<< ..
 
.. >>>>> [ IO READ: thresh_scf ] <<<<< ..
 
.. >>>>> [ RES  MEM :       0.089661 GB ] [ VIRT MEM :       1.659580 GB ] <<<<< ..
.. >>>>> [ WALL TIME:      23.872149  s ] [ CPU  TIME:      34.069545  s ] <<<<< ..
 
 
.. >>>>> [ RES  MEM :       0.089661 GB ] [ VIRT MEM :       1.662514 GB ] <<<<< ..
.. >>>>> [ WALL TIME:      23.876139  s ] [ CPU  TIME:      34.085515  s ] <<<<< ..
 
 Energy of the guess =   -28.5626163344632     
==== ================ ================ ================ ================
  N          Energy      Energy diff       DIIS error     Level shift   
==== ================ ================ ================ ================
   1   -29.1122898469    -0.5496735124     0.0624477565     0.0000000000   1
   2   -29.1298525823    -0.0175627353     0.0267614446     0.0000000000   2
   3   -29.1337013600    -0.0038487778     0.0031615781     0.0000000000   3
   4   -29.1337737874    -0.0000724274     0.0004894832     0.0000000000   4
   5   -29.1337746613    -0.0000008739     0.0001985293     0.0000000000   5
   6   -29.1337747267    -0.0000000653     0.0002129520     0.5000000000   0
   7   -29.1337747868    -0.0000000601     0.0001285565     0.2500000000   1
   8   -29.1337748435    -0.0000000567     0.0000990342     0.1250000000   0
   9   -29.1337748826    -0.0000000391     0.0000670442     0.0625000000   1
  10   -29.1337749020    -0.0000000194     0.0000402356     0.0312500000   0
  11   -29.1337749093    -0.0000000073     0.0000220757     0.0156250000   1
  12   -29.1337749115    -0.0000000022     0.0000114503     0.0078125000   0
  13   -29.1337749121    -0.0000000006     0.0000057567     0.0039062500   1
  14   -29.1337749123    -0.0000000002     0.0000028486     0.0019531250   0
  15   -29.1337749123    -0.0000000000     0.0000013989     0.0009765625   1
==== ================ ================ ================ ================
 
 
.. >>>>> [ RES  MEM :       0.090771 GB ] [ VIRT MEM :       1.662514 GB ] <<<<< ..
.. >>>>> [ WALL TIME:      25.538067  s ] [ CPU  TIME:      43.876202  s ] <<<<< ..
 
MOs are now **Canonical**

Eigenvalues
-----------

======== ================
       1    -4.7313538768
       2    -4.7313239126
       3    -0.3955219963
       4    -0.2428856435
       5     0.0160041967
       6     0.0203012716
       7     0.0203012716
       8     0.0904737076
       9     0.0904737076
      10     0.1526357286
      11     0.1900129886
      12     0.2147765836
      13     0.2213389294
      14     0.2298061853
      15     0.2298061853
      16     0.2756825694
      17     0.2756825694
      18     0.3643785308
      19     0.4089051016
      20     0.4089051016
      21     0.4417106754
      22     0.4417106754
      23     0.5085552149
      24     0.5085552149
      25     0.6093902782
      26     0.6552590700
      27     0.6552590700
      28     0.7435399500
      29     0.9909438001
      30     0.9909438001
      31     1.0289168389
      32     1.0420944854
      33     1.0420944854
      34     1.0445460003
      35     1.2030227617
      36     1.2030227617
      37     1.2308567852
      38     1.2545776750
      39     1.2545776750
      40     1.3307371155
      41     1.3307371155
      42     1.3398160631
      43     1.3398160631
      44     1.3755411837
      45     1.3755411837
      46     1.3918510372
      47     1.3918510372
      48     1.4675730817
      49     1.4675730817
      50     1.4782127159
      51     1.4793425351
      52     1.4808334746
      53     1.4808334746
      54     1.5602123287
      55     1.5602123287
      56     1.6890920620
      57     1.8385563777
      58     1.9134672835
      59     1.9134672835
      60     4.5263700039
======== ================

 
.. >>>>> [ RES  MEM :       0.090771 GB ] [ VIRT MEM :       1.666504 GB ] <<<<< ..
.. >>>>> [ WALL TIME:      25.541233  s ] [ CPU  TIME:      43.897594  s ] <<<<< ..
 
* SCF energy                                        -29.13377491233975    
 
.. >>>>> [ RES  MEM :       0.090912 GB ] [ VIRT MEM :       1.666504 GB ] <<<<< ..
.. >>>>> [ WALL TIME:      25.643261  s ] [ CPU  TIME:      44.484177  s ] <<<<< ..
 
 hf 1e,2e,total energy
  -44.9669318050204     
   12.3823804733822     
  -29.1337749123397     
Wall time: 0:00:27

